<?xml version="1.0" encoding="UTF-8"?>
<testsuite name="TestConta" tests="1" skipped="0" failures="0" errors="0" timestamp="2024-12-25T22:20:03" hostname="archlinux" time="0.019">
  <properties/>
  <testcase name="verificaExtrato()" classname="TestConta" time="0.019"/>
  <system-out><![CDATA[]]></system-out>
  <system-err><![CDATA[]]></system-err>
</testsuite>
